  glad.c
  cube.cpp
  glslprogram.cpp
  glutils.cpp
  objmesh.cpp
C:\Users\wotma\COMP3015-CW2\OpenGLShading-COMP3015-CW1-main\Project_Template\helper\objmesh.cpp(188,43): warning C4267: '+=': conversion from 'size_t' to 'int', possible loss of data
C:\Users\wotma\COMP3015-CW2\OpenGLShading-COMP3015-CW1-main\Project_Template\helper\objmesh.cpp(194,50): warning C4267: '+=': conversion from 'size_t' to 'int', possible loss of data
C:\Users\wotma\COMP3015-CW2\OpenGLShading-COMP3015-CW1-main\Project_Template\helper\objmesh.cpp(198,45): warning C4267: '+=': conversion from 'size_t' to 'int', possible loss of data
  plane.cpp
  skybox.cpp
  stb_image.cpp
  texture.cpp
  torus.cpp
  trianglemesh.cpp
  imgui.cpp
  imgui_demo.cpp
  imgui_draw.cpp
  imgui_impl_glfw.cpp
  imgui_impl_opengl3.cpp
  imgui_tables.cpp
  imgui_widgets.cpp
  main.cpp
  scenebasic_uniform.cpp
  Generating Code...
  Project_Template.vcxproj -> C:\Users\wotma\COMP3015-CW2\OpenGLShading-COMP3015-CW1-main\Project_Template\x64\Debug\Project_Template.exe
